Flow report for Piano
Tue Dec 04 16:38:27 2012
Quartus II 64-Bit Version 12.1 Build 177 11/07/2012 SJ Web Edition


---------------------
; Table of Contents ;
---------------------
  1. Legal Notice
  2. Flow Summary
  3. Flow Settings
  4. Flow Non-Default Global Settings
  5. Flow Elapsed Time
  6. Flow OS Summary
  7. Flow Log



----------------
; Legal Notice ;
----------------
Copyright (C) 1991-2012 Altera Corporation
Your use of Altera Corporation's design tools, logic functions 
and other software and tools, and its AMPP partner logic 
functions, and any output files from any of the foregoing 
(including device programming or simulation files), and any 
associated documentation or information are expressly subject 
to the terms and conditions of the Altera Program License 
Subscription Agreement, Altera MegaCore Function License 
Agreement, or other applicable license agreement, including, 
without limitation, that your use is for the sole purpose of 
programming logic devices manufactured by Altera and sold by 
Altera or its authorized distributors.  Please refer to the 
applicable agreement for further details.



+----------------------------------------------------------------------+
; Flow Summary                                                         ;
+---------------------------+------------------------------------------+
; Flow Status               ; Successful - Tue Dec 04 16:38:27 2012    ;
; Quartus II 64-Bit Version ; 12.1 Build 177 11/07/2012 SJ Web Edition ;
; Revision Name             ; Piano                                    ;
; Top-level Entity Name     ; piano                                    ;
; Family                    ; MAX3000A                                 ;
; Device                    ; EPM3064ALC44-10                          ;
; Timing Models             ; Final                                    ;
; Total macrocells          ; 56 / 64 ( 88 % )                         ;
; Total pins                ; 16 / 34 ( 47 % )                         ;
+---------------------------+------------------------------------------+


+-----------------------------------------+
; Flow Settings                           ;
+-------------------+---------------------+
; Option            ; Setting             ;
+-------------------+---------------------+
; Start date & time ; 12/04/2012 16:37:52 ;
; Main task         ; Compilation         ;
; Revision Name     ; Piano               ;
+-------------------+---------------------+


+-------------------------------------------------------------------------------------------------------+
; Flow Non-Default Global Settings                                                                      ;
+--------------------------+---------------------------------+---------------+-------------+------------+
; Assignment Name          ; Value                           ; Default Value ; Entity Name ; Section Id ;
+--------------------------+---------------------------------+---------------+-------------+------------+
; COMPILER_SIGNATURE_ID    ; 127746959885979.135464627205964 ; --            ; --          ; --         ;
; MAX_CORE_JUNCTION_TEMP   ; 85                              ; --            ; --          ; --         ;
; MIN_CORE_JUNCTION_TEMP   ; 0                               ; --            ; --          ; --         ;
; PROJECT_OUTPUT_DIRECTORY ; output_files                    ; --            ; --          ; --         ;
+--------------------------+---------------------------------+---------------+-------------+------------+


+-------------------------------------------------------------------------------------------------------------------------------+
; Flow Elapsed Time                                                                                                             ;
+---------------------------+--------------+-------------------------+---------------------+------------------------------------+
; Module Name               ; Elapsed Time ; Average Processors Used ; Peak Virtual Memory ; Total CPU Time (on all processors) ;
+---------------------------+--------------+-------------------------+---------------------+------------------------------------+
; Analysis & Synthesis      ; 00:00:05     ; 1.0                     ; 471 MB              ; 00:00:03                           ;
; Fitter                    ; 00:00:02     ; 1.0                     ; 397 MB              ; 00:00:01                           ;
; Assembler                 ; 00:00:00     ; 1.0                     ; 373 MB              ; 00:00:01                           ;
; TimeQuest Timing Analyzer ; 00:00:01     ; 1.0                     ; 361 MB              ; 00:00:01                           ;
; Fitter                    ; 00:00:00     ; 1.0                     ; 405 MB              ; 00:00:01                           ;
; Assembler                 ; 00:00:01     ; 1.0                     ; 381 MB              ; 00:00:01                           ;
; Total                     ; 00:00:09     ; --                      ; --                  ; 00:00:08                           ;
+---------------------------+--------------+-------------------------+---------------------+------------------------------------+


+----------------------------------------------------------------------------------------+
; Flow OS Summary                                                                        ;
+---------------------------+------------------+-----------+------------+----------------+
; Module Name               ; Machine Hostname ; OS Name   ; OS Version ; Processor type ;
+---------------------------+------------------+-----------+------------+----------------+
; Analysis & Synthesis      ; JoseMiguel       ; Windows 7 ; 6.1        ; x86_64         ;
; Fitter                    ; JoseMiguel       ; Windows 7 ; 6.1        ; x86_64         ;
; Assembler                 ; JoseMiguel       ; Windows 7 ; 6.1        ; x86_64         ;
; TimeQuest Timing Analyzer ; JoseMiguel       ; Windows 7 ; 6.1        ; x86_64         ;
; Fitter                    ; JoseMiguel       ; Windows 7 ; 6.1        ; x86_64         ;
; Assembler                 ; JoseMiguel       ; Windows 7 ; 6.1        ; x86_64         ;
+---------------------------+------------------+-----------+------------+----------------+


------------
; Flow Log ;
------------
quartus_map --read_settings_files=on --write_settings_files=off Piano -c Piano
quartus_fit --read_settings_files=off --write_settings_files=off Piano -c Piano
quartus_asm --read_settings_files=off --write_settings_files=off Piano -c Piano
quartus_sta Piano -c Piano
quartus_fit --read_settings_files=on --write_settings_files=off Piano -c Piano
quartus_asm --read_settings_files=on --write_settings_files=off Piano -c Piano



